Flow report for simplified_tcp
Sun May 10 21:05:44 2020
Quartus Prime Version 19.1.0 Build 670 09/22/2019 SJ Lite Edition


---------------------
; Table of Contents ;
---------------------
  1. Legal Notice
  2. Flow Summary
  3. Flow Settings
  4. Flow Non-Default Global Settings
  5. Flow Elapsed Time
  6. Flow OS Summary
  7. Flow Log
  8. Flow Messages
  9. Flow Suppressed Messages



----------------
; Legal Notice ;
----------------
Copyright (C) 2019  Intel Corporation. All rights reserved.
Your use of Intel Corporation's design tools, logic functions 
and other software and tools, and any partner logic 
functions, and any output files from any of the foregoing 
(including device programming or simulation files), and any 
associated documentation or information are expressly subject 
to the terms and conditions of the Intel Program License 
Subscription Agreement, the Intel Quartus Prime License Agreement,
the Intel FPGA IP License Agreement, or other applicable license
agreement, including, without limitation, that your use is for
the sole purpose of programming logic devices manufactured by
Intel and sold by Intel or its authorized distributors.  Please
refer to the applicable agreement for further details, at
https://fpgasoftware.intel.com/eula.



+----------------------------------------------------------------------------------+
; Flow Summary                                                                     ;
+------------------------------------+---------------------------------------------+
; Flow Status                        ; Successful - Sun May 10 21:05:32 2020       ;
; Quartus Prime Version              ; 19.1.0 Build 670 09/22/2019 SJ Lite Edition ;
; Revision Name                      ; simplified_tcp                              ;
; Top-level Entity Name              ; simplified_tcp                              ;
; Family                             ; Cyclone 10 LP                               ;
; Device                             ; 10CL025YE144I7G                             ;
; Timing Models                      ; Final                                       ;
; Total logic elements               ; 11,766 / 24,624 ( 48 % )                    ;
;     Total combinational functions  ; 8,344 / 24,624 ( 34 % )                     ;
;     Dedicated logic registers      ; 8,978 / 24,624 ( 36 % )                     ;
; Total registers                    ; 9029                                        ;
; Total pins                         ; 55 / 77 ( 71 % )                            ;
; Total virtual pins                 ; 0                                           ;
; Total memory bits                  ; 347,456 / 608,256 ( 57 % )                  ;
; Embedded Multiplier 9-bit elements ; 0 / 132 ( 0 % )                             ;
; Total PLLs                         ; 2 / 4 ( 50 % )                              ;
+------------------------------------+---------------------------------------------+


+-----------------------------------------+
; Flow Settings                           ;
+-------------------+---------------------+
; Option            ; Setting             ;
+-------------------+---------------------+
; Start date & time ; 05/10/2020 20:59:58 ;
; Main task         ; Compilation         ;
; Revision Name     ; simplified_tcp      ;
+-------------------+---------------------+


+-----------------------------------------------------------------------------------------------------------------------------+
; Flow Non-Default Global Settings                                                                                            ;
+-------------------------------------+----------------------------------------+---------------+-------------+----------------+
; Assignment Name                     ; Value                                  ; Default Value ; Entity Name ; Section Id     ;
+-------------------------------------+----------------------------------------+---------------+-------------+----------------+
; COMPILER_SIGNATURE_ID               ; 106528728471010.158912639809412        ; --            ; --          ; --             ;
; EDA_OUTPUT_DATA_FORMAT              ; None                                   ; --            ; --          ; eda_simulation ;
; ENABLE_SIGNALTAP                    ; On                                     ; --            ; --          ; --             ;
; MAX_CORE_JUNCTION_TEMP              ; 100                                    ; --            ; --          ; --             ;
; MIN_CORE_JUNCTION_TEMP              ; -40                                    ; --            ; --          ; --             ;
; MISC_FILE                           ; pll_clock_PHY1.ppf                     ; --            ; --          ; --             ;
; MISC_FILE                           ; my_pll.ppf                             ; --            ; --          ; --             ;
; MISC_FILE                           ; in_buf.bsf                             ; --            ; --          ; --             ;
; MISC_FILE                           ; in_buf_inst.v                          ; --            ; --          ; --             ;
; MISC_FILE                           ; in_buf_bb.v                            ; --            ; --          ; --             ;
; PARTITION_COLOR                     ; -- (Not supported for targeted family) ; --            ; --          ; Top            ;
; PARTITION_FITTER_PRESERVATION_LEVEL ; -- (Not supported for targeted family) ; --            ; --          ; Top            ;
; PARTITION_NETLIST_TYPE              ; -- (Not supported for targeted family) ; --            ; --          ; Top            ;
; POWER_BOARD_THERMAL_MODEL           ; None (CONSERVATIVE)                    ; --            ; --          ; --             ;
; POWER_PRESET_COOLING_SOLUTION       ; 23 MM HEAT SINK WITH 200 LFPM AIRFLOW  ; --            ; --          ; --             ;
; PROJECT_OUTPUT_DIRECTORY            ; output_files                           ; --            ; --          ; --             ;
; USE_SIGNALTAP_FILE                  ; eth_rx.stp                             ; --            ; --          ; --             ;
+-------------------------------------+----------------------------------------+---------------+-------------+----------------+


+--------------------------------------------------------------------------------------------------------------------------+
; Flow Elapsed Time                                                                                                        ;
+----------------------+--------------+-------------------------+---------------------+------------------------------------+
; Module Name          ; Elapsed Time ; Average Processors Used ; Peak Virtual Memory ; Total CPU Time (on all processors) ;
+----------------------+--------------+-------------------------+---------------------+------------------------------------+
; Analysis & Synthesis ; 00:04:09     ; 1.0                     ; 5159 MB             ; 00:04:08                           ;
; Fitter               ; 00:01:02     ; 1.2                     ; 5624 MB             ; 00:01:30                           ;
; Assembler            ; 00:00:05     ; 1.0                     ; 4728 MB             ; 00:00:05                           ;
; Timing Analyzer      ; 00:00:10     ; 1.3                     ; 4919 MB             ; 00:00:12                           ;
; Total                ; 00:05:26     ; --                      ; --                  ; 00:05:55                           ;
+----------------------+--------------+-------------------------+---------------------+------------------------------------+


+------------------------------------------------------------------------------------+
; Flow OS Summary                                                                    ;
+----------------------+------------------+------------+------------+----------------+
; Module Name          ; Machine Hostname ; OS Name    ; OS Version ; Processor type ;
+----------------------+------------------+------------+------------+----------------+
; Analysis & Synthesis ; Visuale          ; Windows 10 ; 10.0       ; x86_64         ;
; Fitter               ; Visuale          ; Windows 10 ; 10.0       ; x86_64         ;
; Assembler            ; Visuale          ; Windows 10 ; 10.0       ; x86_64         ;
; Timing Analyzer      ; Visuale          ; Windows 10 ; 10.0       ; x86_64         ;
+----------------------+------------------+------------+------------+----------------+


------------
; Flow Log ;
------------
quartus_map --read_settings_files=on --write_settings_files=off simplified_tcp -c simplified_tcp
quartus_fit --read_settings_files=off --write_settings_files=off simplified_tcp -c simplified_tcp
quartus_asm --read_settings_files=off --write_settings_files=off simplified_tcp -c simplified_tcp
quartus_sta simplified_tcp -c simplified_tcp



